<?xml version="1.0" encoding="UTF-8"?>
<!-- Generated by org.testng.reporters.JUnitReportReporter -->
<testsuite hostname="DESKTOP-MF8IEU1" name="src.main.testcases.LaunchPage" tests="1" failures="0" timestamp="22 Jul 2019 08:11:54 GMT" time="8.280" errors="0">
  <testcase name="launchPage" time="8.280" classname="src.main.testcases.LaunchPage"/>
</testsuite> <!-- src.main.testcases.LaunchPage -->
