<?xml version="1.0" encoding="UTF-8"?>
<!-- Generated by org.testng.reporters.JUnitReportReporter -->
<testsuite hostname="DESKTOP-MF8IEU1" name="src.main.testcases.LaunchPage" tests="1" failures="0" timestamp="20 Jul 2019 15:13:59 GMT" time="11.146" errors="0">
  <testcase name="launchPage" time="11.146" classname="src.main.testcases.LaunchPage"/>
</testsuite> <!-- src.main.testcases.LaunchPage -->
